<?xml version="1.0" encoding="UTF-8"?>
<!-- Generated by org.testng.reporters.JUnitReportReporter -->
<testsuite hostname="DESKTOP-1CCS179" failures="0" tests="1" name="ai.ds.testLayer.LoginPageTest" time="19.511" errors="0" timestamp="2022-11-29T10:07:53 IST" skipped="0">
  <testcase classname="ai.ds.testLayer.LoginPageTest" name="verifyLoginTest" time="19.511"/>
  <system-out/>
</testsuite> <!-- ai.ds.testLayer.LoginPageTest -->
